<?xml version="1.0" encoding="UTF-8" ?>
<testsuite tests="4" failures="0" name="topologyapi.TopologyTest" time="0" errors="0" skipped="0">
  <properties>
[...]
</properties>
  <testcase classname="topologyapi.TopologyTest" name="testQueryDevicesWithNetlistNode" time="0"/>
  <testcase classname="topologyapi.TopologyTest" name="testWriteJSON" time="0"/>
  <testcase classname="topologyapi.TopologyTest" name="testReadJSON" time="0"/>
  <testcase classname="topologyapi.TopologyTest" name="testQueryDevices" time="0"/>
</testsuite>